d:\project\utilsdk\utilgui\src\debug\vc120.pdb
d:\project\utilsdk\utilgui\src\debug\qrc_utilgui.obj
d:\project\utilsdk\utilgui\src\debug\main.obj
d:\project\utilsdk\utilgui\src\debug\moc_utilgui.obj
d:\project\utilsdk\utilgui\src\generatedfiles\qrc_utilgui.cpp
d:\project\utilsdk\utilgui\src\generatedfiles\debug\moc_utilgui.cpp
d:\project\utilsdk\utilgui\src\generatedfiles\ui_utilgui.h
d:\project\utilsdk\utilgui\bin\win32\debug\utilgui.ilk
d:\project\utilsdk\utilgui\bin\win32\debug\utilgui.exe
d:\project\utilsdk\utilgui\bin\win32\debug\utilgui.pdb
d:\project\utilsdk\utilgui\src\..\bin\win32\debug\utilgui.exe
d:\project\utilsdk\utilgui\src\debug\utilgui.tlog\cl.command.1.tlog
d:\project\utilsdk\utilgui\src\debug\utilgui.tlog\cl.read.1.tlog
d:\project\utilsdk\utilgui\src\debug\utilgui.tlog\cl.write.1.tlog
d:\project\utilsdk\utilgui\src\debug\utilgui.tlog\custombuild.command.1.tlog
d:\project\utilsdk\utilgui\src\debug\utilgui.tlog\custombuild.read.1.tlog
d:\project\utilsdk\utilgui\src\debug\utilgui.tlog\custombuild.write.1.tlog
d:\project\utilsdk\utilgui\src\debug\utilgui.tlog\link.command.1.tlog
d:\project\utilsdk\utilgui\src\debug\utilgui.tlog\link.read.1.tlog
d:\project\utilsdk\utilgui\src\debug\utilgui.tlog\link.write.1.tlog
